make all --print-data-base --no-builtin-variables --no-builtin-rules --question
# GNU Make 3.81
# Copyright (C) 2006  Free Software Foundation, Inc.
# This is free software; see the source for copying conditions.
# There is NO warranty; not even for MERCHANTABILITY or FITNESS FOR A
# PARTICULAR PURPOSE.

# This program built for i386-apple-darwin11.3.0

# Make data base, printed on Fri Aug  5 16:58:38 2022

# Variables

# automatic
<D = $(patsubst %/,%,$(dir $<))
# automatic
?F = $(notdir $?)
# automatic
?D = $(patsubst %/,%,$(dir $?))
# automatic
@D = $(patsubst %/,%,$(dir $@))
# automatic
@F = $(notdir $@)
# makefile
CURDIR := /Users/arshmann/Desktop/CMPT225/assignments/assignment5/care-a5
# makefile
SHELL = /bin/sh
# environment
VSCODE_NLS_CONFIG = {"locale":"en-us","availableLanguages":{},"_languagePackSupport":true}
# environment
_ = /usr/bin/make
# makefile (from `makefile', line 1)
MAKEFILE_LIST :=  makefile
# environment
__CFBundleIdentifier = com.microsoft.VSCode
# environment
VSCODE_CWD = /
# environment
PATH = /Users/arshmann/opt/anaconda3/bin:/Library/Frameworks/Python.framework/Versions/3.10/bin:/Library/Frameworks/Python.framework/Versions/3.9/bin:/usr/local/bin:/usr/bin:/bin:/usr/sbin:/sbin
# environment
ELECTRON_RUN_AS_NODE = 1
# default
.FEATURES := target-specific order-only second-expansion else-if archives jobserver check-symlink
# environment
SSH_AUTH_SOCK = /private/tmp/com.apple.launchd.vAskvxvY6C/Listeners
# automatic
%F = $(notdir $%)
# environment
PWD = /Users/arshmann/Desktop/CMPT225/assignments/assignment5/care-a5
# environment
ORIGINAL_XDG_CURRENT_DESKTOP = undefined
# environment
VSCODE_AMD_ENTRYPOINT = vs/workbench/api/node/extensionHostProcess
# environment
HOME = /Users/arshmann
# default
MAKEFILEPATH = $(shell /usr/bin/xcode-select -print-path 2>/dev/null || echo /Developer)/Makefiles
# environment
VSCODE_CODE_CACHE_PATH = /Users/arshmann/Library/Application Support/Code/CachedData/da76f93349a72022ca4670c1b84860304616aaa2
# environment
LOGNAME = arshmann
# environment
APPLICATION_INSIGHTS_NO_DIAGNOSTIC_CHANNEL = true
# environment
VSCODE_HANDLES_UNCAUGHT_ERRORS = true
# automatic
^D = $(patsubst %/,%,$(dir $^))
# environment
XPC_FLAGS = 0x0
# default
MAKE = $(MAKE_COMMAND)
# default
MAKECMDGOALS := all
# environment
SHLVL = 1
# default
MAKE_VERSION := 3.81
# environment
USER = arshmann
# makefile
.DEFAULT_GOAL := all
# automatic
%D = $(patsubst %/,%,$(dir $%))
# default
MAKE_COMMAND := /Library/Developer/CommandLineTools/usr/bin/make
# default
.VARIABLES := 
# environment
TMPDIR = /var/folders/_t/34215gtn3t39rx6gx885mj500000gn/T/
# automatic
*F = $(notdir $*)
# environment
VSCODE_IPC_HOOK = /Users/arshmann/Library/Application Support/Code/1.70.0-main.sock
# environment
MallocNanoZone = 0
# makefile
MAKEFLAGS = Rrqp
# environment
MFLAGS = -Rrqp
# automatic
*D = $(patsubst %/,%,$(dir $*))
# environment
XPC_SERVICE_NAME = application.com.microsoft.VSCode.42803614.42803620
# automatic
+D = $(patsubst %/,%,$(dir $+))
# automatic
+F = $(notdir $+)
# environment
__CF_USER_TEXT_ENCODING = 0x1F5:0x0:0x52
# environment
COMMAND_MODE = unix2003
# default
MAKEFILES := 
# automatic
<F = $(notdir $<)
# environment
LC_ALL = C
# automatic
^F = $(notdir $^)
# default
SUFFIXES := 
# default
.INCLUDE_DIRS = /usr/local/include
# environment
MAKELEVEL := 0
# environment
LANG = C
# environment
VSCODE_PID = 23737
# variable set hash-table stats:
# Load=58/1024=6%, Rehash=0, Collisions=1/84=1%

# Pattern-specific Variable Values

# No pattern-specific variable values.

# Directories

# . (device 16777221, inode 42352160): 36 files, no impossibilities.

# 36 files, no impossibilities in 1 directories.

# Implicit Rules

# No implicit rules.

# Files

# Not a target:
testParse.cpp:
#  Implicit rule search has not been done.
#  Modification time never checked.
#  File has not been updated.

all: hashdemo pish setdemo testParse testScanner
#  Command-line target.
#  Implicit rule search has been done.
#  File does not exist.
#  File has been updated.
#  Needs to be updated (-q is set).
# variable set hash-table stats:
# Load=0/32=0%, Rehash=0, Collisions=0/2=0%

Parse.o: Parse.cpp Parse.h
#  Implicit rule search has not been done.
#  Modification time never checked.
#  File has not been updated.
#  commands to execute (from `makefile', line 29):
	g++ -std=c++11 -c Parse.cpp
	

# Not a target:
hashdemo.cpp:
#  Implicit rule search has been done.
#  Last modified 2022-08-05 16:16:31
#  File has been updated.
#  Successfully updated.
# variable set hash-table stats:
# Load=0/32=0%, Rehash=0, Collisions=0/0=0%

setdemo: setdemo.o
#  Implicit rule search has not been done.
#  Modification time never checked.
#  File has not been updated.
#  commands to execute (from `makefile', line 11):
	g++ -std=c++11 -o setdemo setdemo.o
	

# Not a target:
pish.cpp:
#  Implicit rule search has been done.
#  Last modified 2022-08-05 13:54:47
#  File has been updated.
#  Successfully updated.
# variable set hash-table stats:
# Load=0/32=0%, Rehash=0, Collisions=0/0=0%

# Not a target:
.SUFFIXES:
#  Implicit rule search has not been done.
#  Modification time never checked.
#  File has not been updated.

# Not a target:
Scanner.h:
#  Implicit rule search has been done.
#  Last modified 2022-07-20 11:18:18
#  File has been updated.
#  Successfully updated.
# variable set hash-table stats:
# Load=0/32=0%, Rehash=0, Collisions=0/0=0%

# Not a target:
hash.h:
#  Implicit rule search has been done.
#  Last modified 2022-08-05 16:15:36
#  File has been updated.
#  Successfully updated.
# variable set hash-table stats:
# Load=0/32=0%, Rehash=0, Collisions=0/0=0%

# Not a target:
makefile:
#  Implicit rule search has been done.
#  Last modified 2022-07-20 11:18:18
#  File has been updated.
#  Successfully updated.
# variable set hash-table stats:
# Load=0/32=0%, Rehash=0, Collisions=0/0=0%

# Not a target:
Scanner.cpp:
#  Implicit rule search has not been done.
#  Modification time never checked.
#  File has not been updated.

testParse: testParse.o Scanner.o Parse.o
#  Implicit rule search has not been done.
#  Modification time never checked.
#  File has not been updated.
#  commands to execute (from `makefile', line 14):
	g++ -std=c++11 -o testParse testParse.o Scanner.o Parse.o
	

testParse.o: testParse.cpp Scanner.h Parse.h
#  Implicit rule search has not been done.
#  Modification time never checked.
#  File has not been updated.
#  commands to execute (from `makefile', line 35):
	g++ -std=c++11 -c testParse.cpp
	

# Not a target:
testScanner.cpp:
#  Implicit rule search has not been done.
#  Modification time never checked.
#  File has not been updated.

hashdemo: hashdemo.o
#  Implicit rule search has not been done.
#  Last modified 2022-08-05 16:16:35
#  File has been updated.
#  Successfully updated.
# variable set hash-table stats:
# Load=0/32=0%, Rehash=0, Collisions=0/0=0%
#  commands to execute (from `makefile', line 5):
	g++ -std=c++11 -o hashdemo hashdemo.o
	

# Not a target:
.DEFAULT:
#  Implicit rule search has not been done.
#  Modification time never checked.
#  File has not been updated.

# Not a target:
Parse.h:
#  Implicit rule search has been done.
#  Last modified 2022-07-20 11:18:18
#  File has been updated.
#  Successfully updated.
# variable set hash-table stats:
# Load=0/32=0%, Rehash=0, Collisions=0/0=0%

pish: pish.o Scanner.o Parse.o
#  Implicit rule search has not been done.
#  Last modified 2022-08-05 13:54:51
#  File has been updated.
#  Needs to be updated (-q is set).
# variable set hash-table stats:
# Load=0/32=0%, Rehash=0, Collisions=0/2=0%
#  commands to execute (from `makefile', line 8):
	g++ -std=c++11 -o pish pish.o Scanner.o Parse.o
	

pish.o: pish.cpp hash.h Scanner.h Parse.h
#  Implicit rule search has not been done.
#  Implicit/static pattern stem: `'
#  Last modified 2022-08-05 13:54:51
#  File has been updated.
#  Needs to be updated (-q is set).
# automatic
# @ := pish.o
# automatic
# % := 
# automatic
# * := 
# automatic
# + := pish.cpp hash.h Scanner.h Parse.h
# automatic
# | := 
# automatic
# < := pish.cpp
# automatic
# ^ := pish.cpp hash.h Scanner.h Parse.h
# automatic
# ? := hash.h
# variable set hash-table stats:
# Load=8/32=25%, Rehash=0, Collisions=1/10=10%
 
#  commands to execute (from `makefile', line 23):
	g++ -std=c++11 -c pish.cpp
	

clean:
#  Implicit rule search has not been done.
#  Modification time never checked.
#  File has not been updated.
#  commands to execute (from `makefile', line 41):
	rm -f core *.o hashdemo pish setdemo testParse testScanner
	

# Not a target:
Parse.cpp:
#  Implicit rule search has not been done.
#  Modification time never checked.
#  File has not been updated.

# Not a target:
set.h:
#  Implicit rule search has not been done.
#  Modification time never checked.
#  File has not been updated.

Scanner.o: Scanner.cpp Scanner.h
#  Implicit rule search has not been done.
#  Modification time never checked.
#  File has not been updated.
#  commands to execute (from `makefile', line 26):
	g++ -std=c++11 -c Scanner.cpp
	

# Not a target:
setdemo.cpp:
#  Implicit rule search has not been done.
#  Modification time never checked.
#  File has not been updated.

testScanner.o: testScanner.cpp Scanner.h
#  Implicit rule search has not been done.
#  Modification time never checked.
#  File has not been updated.
#  commands to execute (from `makefile', line 38):
	g++ -std=c++11 -c testScanner.cpp
	

testScanner: testScanner.o Scanner.o
#  Implicit rule search has not been done.
#  Modification time never checked.
#  File has not been updated.
#  commands to execute (from `makefile', line 17):
	g++ -std=c++11 -o testScanner testScanner.o Scanner.o
	

setdemo.o: setdemo.cpp set.h
#  Implicit rule search has not been done.
#  Modification time never checked.
#  File has not been updated.
#  commands to execute (from `makefile', line 32):
	g++ -std=c++11 -c setdemo.cpp
	

hashdemo.o: hashdemo.cpp hash.h
#  Implicit rule search has not been done.
#  Last modified 2022-08-05 16:16:34
#  File has been updated.
#  Successfully updated.
# variable set hash-table stats:
# Load=0/32=0%, Rehash=0, Collisions=0/0=0%
#  commands to execute (from `makefile', line 20):
	g++ -std=c++11 -c hashdemo.cpp
	

# files hash-table stats:
# Load=28/1024=3%, Rehash=0, Collisions=4/74=5%
# VPATH Search Paths

# No `vpath' search paths.

# No general (`VPATH' variable) search path.

# # of strings in strcache: 1
# # of strcache buffers: 1
# strcache size: total = 4096 / max = 4096 / min = 4096 / avg = 4096
# strcache free: total = 4087 / max = 4087 / min = 4087 / avg = 4087

# Finished Make data base on Fri Aug  5 16:58:38 2022

 
